<?xml version="1.0" encoding="UTF-8"?>
<!-- Generated by org.testng.reporters.JUnitReportReporter -->
<testsuite hostname="DESKTOP-3O9T5AI" failures="0" tests="1" name="jenkinsscripts.TestCase1" time="0.019" errors="0" timestamp="2022-08-27T17:38:12 IST" skipped="0">
  <testcase classname="jenkinsscripts.TestCase1" name="tc1" time="0.019"/>
  <system-out>
    <![CDATA[Hello java]]>
  </system-out>
</testsuite> <!-- jenkinsscripts.TestCase1 -->
