<?xml version="1.0" encoding="UTF-8"?>
<!-- Generated by org.testng.reporters.JUnitReportReporter -->
<testsuite hostname="DESKTOP-3O9T5AI" failures="0" tests="1" name="jenkinsscripts.TestCase4" time="0.017" errors="0" timestamp="2022-08-27T17:38:12 IST" skipped="0">
  <testcase classname="jenkinsscripts.TestCase4" name="tc4" time="0.017"/>
  <system-out>
    <![CDATA[Hello appium]]>
  </system-out>
</testsuite> <!-- jenkinsscripts.TestCase4 -->
