<?xml version="1.0" encoding="UTF-8"?>
<!-- Generated by org.testng.reporters.JUnitReportReporter -->
<testsuite hostname="DESKTOP-3O9T5AI" failures="0" tests="1" name="jenkinsscripts.TestCase3" time="0.004" errors="0" timestamp="2022-08-27T17:38:12 IST" skipped="0">
  <testcase classname="jenkinsscripts.TestCase3" name="tc3" time="0.004"/>
  <system-out>
    <![CDATA[Hello python]]>
  </system-out>
</testsuite> <!-- jenkinsscripts.TestCase3 -->
